2025-12-18 00:45:39 DEBUG TestNG:82 - suiteXmlPath: "C:\Users\Birendra\eclipse-workspace\opencart\master.xml"
2025-12-18 00:45:39 INFO  Utils:112 - [TestNG] Running:
  C:\Users\Birendra\eclipse-workspace\opencart\master.xml

2025-12-18 00:45:44 INFO  TC_LF_008:15 - Starting ************************TC_LF_008***********************
2025-12-18 00:46:28 DEBUG TestNG:82 - suiteXmlPath: "C:\Users\Birendra\eclipse-workspace\opencart\master.xml"
2025-12-18 00:46:28 INFO  Utils:112 - [TestNG] Running:
  C:\Users\Birendra\eclipse-workspace\opencart\master.xml

2025-12-18 00:46:31 INFO  TC_LF_008:15 - Starting ************************TC_LF_008***********************
2025-12-18 00:47:31 DEBUG TestNG:82 - suiteXmlPath: "C:\Users\Birendra\eclipse-workspace\opencart\master.xml"
2025-12-18 00:47:32 INFO  Utils:112 - [TestNG] Running:
  C:\Users\Birendra\eclipse-workspace\opencart\master.xml

2025-12-18 00:47:34 INFO  TC_LF_008:15 - Starting ************************TC_LF_008***********************
2025-12-18 00:51:16 DEBUG TestNG:82 - suiteXmlPath: "C:\Users\Birendra\eclipse-workspace\opencart\master.xml"
2025-12-18 00:51:16 INFO  Utils:112 - [TestNG] Running:
  C:\Users\Birendra\eclipse-workspace\opencart\master.xml

2025-12-18 00:51:19 INFO  TC_LF_008:15 - Starting ************************TC_LF_008***********************
2025-12-18 00:52:27 DEBUG TestNG:82 - suiteXmlPath: "C:\Users\Birendra\eclipse-workspace\opencart\master.xml"
2025-12-18 00:52:28 INFO  Utils:112 - [TestNG] Running:
  C:\Users\Birendra\eclipse-workspace\opencart\master.xml

2025-12-18 00:52:31 INFO  TC_LF_008:15 - Starting ************************TC_LF_008***********************
2025-12-18 00:55:07 DEBUG TestNG:82 - suiteXmlPath: "C:\Users\Birendra\eclipse-workspace\opencart\master.xml"
2025-12-18 00:55:07 INFO  Utils:112 - [TestNG] Running:
  C:\Users\Birendra\eclipse-workspace\opencart\master.xml

2025-12-18 00:55:11 INFO  TC_LF_008:15 - Starting ************************TC_LF_008***********************
2025-12-18 00:56:06 DEBUG TestNG:82 - suiteXmlPath: "C:\Users\Birendra\eclipse-workspace\opencart\master.xml"
2025-12-18 00:56:06 INFO  Utils:112 - [TestNG] Running:
  C:\Users\Birendra\eclipse-workspace\opencart\master.xml

2025-12-18 00:56:08 INFO  TC_LF_008:15 - Starting ************************TC_LF_008***********************
2025-12-18 00:57:45 DEBUG TestNG:82 - suiteXmlPath: "C:\Users\Birendra\eclipse-workspace\opencart\master.xml"
2025-12-18 00:57:45 INFO  Utils:112 - [TestNG] Running:
  C:\Users\Birendra\eclipse-workspace\opencart\master.xml

2025-12-18 00:57:51 INFO  TC_LF_008:15 - Starting ************************TC_LF_008***********************
2025-12-18 01:16:17 DEBUG TestNG:82 - suiteXmlPath: "C:\Users\Birendra\eclipse-workspace\opencart\master.xml"
2025-12-18 01:16:18 INFO  Utils:112 - [TestNG] Running:
  C:\Users\Birendra\eclipse-workspace\opencart\master.xml

2025-12-18 01:16:22 INFO  TC_LF_009:15 - Starting *********************TC_LF_009*****************
2025-12-18 01:17:41 DEBUG TestNG:82 - suiteXmlPath: "C:\Users\Birendra\eclipse-workspace\opencart\master.xml"
2025-12-18 01:17:41 INFO  Utils:112 - [TestNG] Running:
  C:\Users\Birendra\eclipse-workspace\opencart\master.xml

2025-12-18 01:17:44 INFO  TC_LF_009:15 - Starting *********************TC_LF_009*****************
